Connecting to database specified by database.yml
Processing by ArticlesController#show as HTML
  Parameters: {"id"=>"2-fewfw-fwefwe-fewf"}
  [1m[36mArticle Load (32.6ms)[0m  [1mSELECT "articles".* FROM "articles" WHERE "articles"."id" = $1 LIMIT 1[0m  [["id", "2-fewfw-fwefwe-fewf"]]
  [1m[35mArticle Load (8.4ms)[0m  SELECT "articles".* FROM "articles" ORDER BY created_at DESC LIMIT 1000
  [1m[36mTag Load (8.2ms)[0m  [1mSELECT "tags".* FROM "tags" INNER JOIN "taggings" ON "tags"."id" = "taggings"."tag_id" WHERE "taggings"."article_id" = 2[0m
  [1m[35mUser Load (5.1ms)[0m  SELECT "users".* FROM "users" WHERE "users"."id" = 1 LIMIT 1
  [1m[36m (1.9ms)[0m  [1mSELECT COUNT(*) FROM "comments" WHERE "comments"."article_id" = 2[0m
  [1m[35mComment Load (0.8ms)[0m  SELECT "comments".* FROM "comments" WHERE "comments"."article_id" = 2 ORDER BY created_at
  Rendered collection (0.0ms)
  Rendered comments/_form.html.erb (1.2ms)
  [1m[36mTag Load (10.5ms)[0m  [1mSELECT DISTINCT tags.*, count(taggings.tag_id) as count FROM "tags" INNER JOIN "taggings" ON "taggings"."tag_id" = "tags"."id" GROUP BY taggings.tag_id, tags.id, tags.name[0m
  Rendered components/_tags.html.erb (23.3ms)
  [1m[35m (1.2ms)[0m  SELECT COUNT(*) FROM "articles" 
  [1m[36mArticle Load (1.4ms)[0m  [1mSELECT "articles".* FROM "articles" ORDER BY created_at DESC LIMIT 5[0m
  [1m[35mCACHE (0.0ms)[0m  SELECT "users".* FROM "users" WHERE "users"."id" = 1 LIMIT 1
  [1m[36mCACHE (0.0ms)[0m  [1mSELECT COUNT(*) FROM "comments" WHERE "comments"."article_id" = 2[0m
  Rendered components/_latest_post.html.erb (16.7ms)
  Rendered components/_months_years_article.html.erb (7.1ms)
  Rendered components/_article_siderbar.html.erb (58.7ms)
  Rendered articles/show.html.erb within layouts/application (353.0ms)
Compiled bootstrap-responsive.css  (0ms)  (pid 14412)
Compiled bootstrap.css  (1ms)  (pid 14412)
Compiled comments.css  (0ms)  (pid 14412)
Compiled font-awesome-ie7.min.css  (0ms)  (pid 14412)
Compiled font-awesome.min.css  (1ms)  (pid 14412)
Compiled jquery.fancybox.css  (0ms)  (pid 14412)
Compiled style.css  (101ms)  (pid 14412)
Compiled application.css  (207ms)  (pid 14412)
Compiled jquery.js  (8ms)  (pid 14412)
Compiled jquery_ujs.js  (4ms)  (pid 14412)
Compiled bootstrap.js  (2ms)  (pid 14412)
Compiled jquery.fancybox.js  (2ms)  (pid 14412)
Compiled modernizr.js  (6ms)  (pid 14412)
Compiled smoothscroll.js  (0ms)  (pid 14412)
Compiled application.js  (571ms)  (pid 14412)
  Rendered components/_search_form.html.erb (3.8ms)
  Rendered components/_header.html.erb (17.0ms)
  [1m[35mCACHE (0.0ms)[0m  SELECT COUNT(*) FROM "articles" 
  [1m[36mCACHE (0.0ms)[0m  [1mSELECT "articles".* FROM "articles" ORDER BY created_at DESC LIMIT 5[0m
  Rendered components/_footer.html.erb (29.9ms)
  Rendered components/_ga.html.erb (0.9ms)
Completed 200 OK in 1640ms (Views: 1322.1ms | ActiveRecord: 241.0ms)
Served asset /jquery_ujs.js - 200 OK (20ms)
Served asset /bootstrap.js - 200 OK (147ms)
Served asset /jquery.fancybox.js - 200 OK (4ms)
Served asset /modernizr.js - 200 OK (6ms)
Served asset /smoothscroll.js - 200 OK (3ms)
Served asset /application.js - 200 OK (33ms)
Served asset /jquery.js - 200 OK (18ms)
Processing by ArticlesController#index as HTML
  [1m[35mArticle Load (0.9ms)[0m  SELECT "articles".* FROM "articles" ORDER BY created_at DESC LIMIT 1000
  [1m[36mArticle Load (0.9ms)[0m  [1mSELECT "articles".* FROM "articles" ORDER BY created_at DESC LIMIT 5 OFFSET 0[0m
  [1m[35mTag Load (1.6ms)[0m  SELECT "tags".* FROM "tags" INNER JOIN "taggings" ON "tags"."id" = "taggings"."tag_id" WHERE "taggings"."article_id" = 2
  [1m[36mUser Load (1.2ms)[0m  [1mSELECT "users".* FROM "users" WHERE "users"."id" = 1 LIMIT 1[0m
  [1m[35mTag Load (1.4ms)[0m  SELECT DISTINCT tags.*, count(taggings.tag_id) as count FROM "tags" INNER JOIN "taggings" ON "taggings"."tag_id" = "tags"."id" GROUP BY taggings.tag_id, tags.id, tags.name
  Rendered components/_tags.html.erb (4.7ms)
  [1m[36m (0.8ms)[0m  [1mSELECT COUNT(*) FROM "articles" [0m
  [1m[35mArticle Load (0.7ms)[0m  SELECT "articles".* FROM "articles" ORDER BY created_at DESC LIMIT 5
  [1m[36mCACHE (0.0ms)[0m  [1mSELECT "users".* FROM "users" WHERE "users"."id" = 1 LIMIT 1[0m
  [1m[35m (0.6ms)[0m  SELECT COUNT(*) FROM "comments" WHERE "comments"."article_id" = 2
  Rendered components/_latest_post.html.erb (8.4ms)
  Rendered components/_months_years_article.html.erb (1.1ms)
  Rendered components/_article_siderbar.html.erb (19.1ms)
  Rendered articles/index.html.erb within layouts/application (47.3ms)
  Rendered components/_search_form.html.erb (1.3ms)
  Rendered components/_header.html.erb (5.3ms)
  [1m[36mCACHE (0.0ms)[0m  [1mSELECT COUNT(*) FROM "articles" [0m
  [1m[35mCACHE (0.0ms)[0m  SELECT "articles".* FROM "articles" ORDER BY created_at DESC LIMIT 5
  Rendered components/_footer.html.erb (4.1ms)
  Rendered components/_ga.html.erb (0.1ms)
Completed 200 OK in 82ms (Views: 70.2ms | ActiveRecord: 8.1ms)
Served asset /jquery.js - 200 OK (0ms)
Served asset /bootstrap.js - 200 OK (0ms)
Served asset /jquery_ujs.js - 200 OK (0ms)
Served asset /modernizr.js - 200 OK (0ms)
Served asset /jquery.fancybox.js - 200 OK (0ms)
Served asset /smoothscroll.js - 200 OK (0ms)
Served asset /application.js - 200 OK (0ms)
Connecting to database specified by database.yml
Processing by HomeController#index as HTML
  Rendered home/index.html.erb within layouts/application (5.1ms)
  Rendered components/_search_form.html.erb (4.0ms)
  Rendered components/_header.html.erb (15.0ms)
  [1m[36m (3.3ms)[0m  [1mSELECT COUNT(*) FROM "articles" [0m
  [1m[35mArticle Load (4.9ms)[0m  SELECT "articles".* FROM "articles" ORDER BY created_at DESC LIMIT 5
  Rendered components/_footer.html.erb (308.9ms)
  Rendered components/_ga.html.erb (1.0ms)
Completed 200 OK in 520ms (Views: 383.7ms | ActiveRecord: 135.0ms)
Served asset /application.css - 200 OK (27ms)
Served asset /bootstrap-responsive.css - 200 OK (4ms)
Served asset /bootstrap.css - 200 OK (4ms)
Served asset /comments.css - 200 OK (3ms)
Served asset /font-awesome-ie7.min.css - 200 OK (3ms)
Served asset /font-awesome.min.css - 200 OK (4ms)
Served asset /jquery.fancybox.css - 200 OK (3ms)
Served asset /style.css - 200 OK (3ms)
Served asset /jquery.fancybox.js - 200 OK (3ms)
Served asset /modernizr.js - 200 OK (3ms)
Served asset /smoothscroll.js - 200 OK (3ms)
Served asset /jquery.js - 200 OK (14ms)
Served asset /bootstrap.js - 200 OK (3ms)
Served asset /jquery_ujs.js - 200 OK (9ms)
Served asset /salesforce14.jpg - 200 OK (14ms)
Served asset /application.js - 200 OK (165ms)
Served asset /metroui.jpg - 200 OK (11ms)
Served asset /background.png - 200 OK (8ms)
Served asset /flatui.png - 200 OK (14ms)
Served asset /tree.jpg - 200 OK (13ms)
Served asset /bootstrap.jpg - 200 OK (15ms)
Served asset /rails4.jpg - 200 OK (13ms)
Served asset /travel2.jpg - 200 OK (23ms)
Served asset /travel1.jpg - 200 OK (10ms)
Served asset /salesforce.png - 200 OK (12ms)
Served asset /meginfo.png - 200 OK (13ms)
Served asset /cm.gif - 200 OK (9ms)
Served asset /EF.jpg - 200 OK (7ms)
Served asset /imprivata.jpg - 200 OK (16ms)
Served asset /bg.png - 200 OK (13ms)
Served asset /whs.jpg - 200 OK (8ms)
Served asset /ruby.jpeg - 200 OK (10ms)
Served asset /rails.jpeg - 200 OK (7ms)
Served asset /hr-dot.png - 200 OK (16ms)
Served asset /bg_testimoni.jpg - 200 OK (188ms)
Served asset /force.jpg - 200 OK (15ms)
Served asset /cloud.jpeg - 200 OK (13ms)
Served asset /font/fontawesome-webfont-v=3.2.0.woff - 200 OK (16ms)
Processing by HomeController#aboutus as HTML
  Rendered home/aboutus.html.erb within layouts/application (2.5ms)
  Rendered components/_search_form.html.erb (1.9ms)
  Rendered components/_header.html.erb (7.4ms)
  [1m[36m (0.7ms)[0m  [1mSELECT COUNT(*) FROM "articles" [0m
  [1m[35mArticle Load (0.7ms)[0m  SELECT "articles".* FROM "articles" ORDER BY created_at DESC LIMIT 5
  Rendered components/_footer.html.erb (6.3ms)
  Rendered components/_ga.html.erb (0.2ms)
Completed 200 OK in 48ms (Views: 45.8ms | ActiveRecord: 1.4ms)
Served asset /bootstrap.js - 200 OK (0ms)
Served asset /jquery_ujs.js - 200 OK (0ms)
Served asset /jquery.js - 200 OK (0ms)
Served asset /modernizr.js - 200 OK (0ms)
Served asset /jquery.fancybox.js - 200 OK (0ms)
Served asset /bruce.jpg - 200 OK (9ms)
Served asset /smoothscroll.js - 200 OK (0ms)
Served asset /application.js - 200 OK (0ms)
Served asset /team2.jpg - 200 OK (17ms)
Served asset /team3.jpg - 200 OK (8ms)
Processing by HomeController#aboutus as HTML
  Rendered home/aboutus.html.erb within layouts/application (1.0ms)
  Rendered components/_search_form.html.erb (1.5ms)
  Rendered components/_header.html.erb (5.9ms)
  [1m[36m (2.5ms)[0m  [1mSELECT COUNT(*) FROM "articles" [0m
  [1m[35mArticle Load (0.8ms)[0m  SELECT "articles".* FROM "articles" ORDER BY created_at DESC LIMIT 5
  Rendered components/_footer.html.erb (9.4ms)
  Rendered components/_ga.html.erb (0.1ms)
Completed 200 OK in 42ms (Views: 38.3ms | ActiveRecord: 3.3ms)
Served asset /jquery.js - 200 OK (0ms)
Served asset /jquery_ujs.js - 200 OK (0ms)
Served asset /bootstrap.js - 200 OK (0ms)
Served asset /jquery.fancybox.js - 200 OK (0ms)
Served asset /modernizr.js - 200 OK (0ms)
Served asset /smoothscroll.js - 200 OK (0ms)
Served asset /application.js - 200 OK (0ms)
Processing by HomeController#aboutus as HTML
  Rendered home/aboutus.html.erb within layouts/application (1.0ms)
  Rendered components/_search_form.html.erb (1.8ms)
  Rendered components/_header.html.erb (6.7ms)
  [1m[36m (0.6ms)[0m  [1mSELECT COUNT(*) FROM "articles" [0m
  [1m[35mArticle Load (0.6ms)[0m  SELECT "articles".* FROM "articles" ORDER BY created_at DESC LIMIT 5
  Rendered components/_footer.html.erb (6.1ms)
  Rendered components/_ga.html.erb (0.1ms)
Completed 200 OK in 36ms (Views: 34.2ms | ActiveRecord: 1.2ms)
Served asset /jquery.fancybox.js - 200 OK (0ms)
Served asset /jquery.js - 200 OK (0ms)
Served asset /bootstrap.js - 200 OK (0ms)
Served asset /modernizr.js - 200 OK (0ms)
Served asset /jquery_ujs.js - 200 OK (0ms)
Served asset /smoothscroll.js - 200 OK (0ms)
Served asset /application.js - 200 OK (0ms)
Processing by HomeController#aboutus as HTML
  Rendered home/aboutus.html.erb within layouts/application (1.1ms)
  Rendered components/_search_form.html.erb (1.8ms)
  Rendered components/_header.html.erb (93.1ms)
  [1m[36m (0.8ms)[0m  [1mSELECT COUNT(*) FROM "articles" [0m
  [1m[35mArticle Load (0.7ms)[0m  SELECT "articles".* FROM "articles" ORDER BY created_at DESC LIMIT 5
  Rendered components/_footer.html.erb (6.7ms)
  Rendered components/_ga.html.erb (0.1ms)
Completed 200 OK in 125ms (Views: 123.4ms | ActiveRecord: 1.5ms)
Served asset /jquery_ujs.js - 200 OK (0ms)
Served asset /bootstrap.js - 200 OK (0ms)
Served asset /jquery.fancybox.js - 200 OK (0ms)
Served asset /modernizr.js - 200 OK (0ms)
Served asset /smoothscroll.js - 200 OK (0ms)
Served asset /application.js - 200 OK (0ms)
Served asset /jquery.js - 200 OK (0ms)
Processing by HomeController#aboutus as HTML
  Rendered home/aboutus.html.erb within layouts/application (1.0ms)
  Rendered components/_search_form.html.erb (2.0ms)
  Rendered components/_header.html.erb (8.2ms)
  [1m[36m (0.6ms)[0m  [1mSELECT COUNT(*) FROM "articles" [0m
  [1m[35mArticle Load (0.6ms)[0m  SELECT "articles".* FROM "articles" ORDER BY created_at DESC LIMIT 5
  Rendered components/_footer.html.erb (5.7ms)
  Rendered components/_ga.html.erb (0.1ms)
Completed 200 OK in 40ms (Views: 38.8ms | ActiveRecord: 1.2ms)
Served asset /jquery.js - 200 OK (0ms)
Served asset /jquery.fancybox.js - 200 OK (0ms)
Served asset /modernizr.js - 200 OK (0ms)
Served asset /jquery_ujs.js - 200 OK (0ms)
Served asset /smoothscroll.js - 200 OK (0ms)
Served asset /application.js - 200 OK (0ms)
Served asset /bootstrap.js - 200 OK (0ms)
Served asset /font/fontawesome-webfont-v=3.2.0.woff - 200 OK (0ms)
Connecting to database specified by database.yml
Processing by HomeController#aboutus as HTML
  Rendered home/aboutus.html.erb within layouts/application (1.6ms)
  Rendered components/_search_form.html.erb (3.0ms)
  Rendered components/_header.html.erb (10.7ms)
  [1m[36m (4.4ms)[0m  [1mSELECT COUNT(*) FROM "articles" [0m
  [1m[35mArticle Load (3.1ms)[0m  SELECT "articles".* FROM "articles" ORDER BY created_at DESC LIMIT 5
  Rendered components/_footer.html.erb (199.8ms)
  Rendered components/_ga.html.erb (0.7ms)
Completed 200 OK in 428ms (Views: 400.2ms | ActiveRecord: 27.0ms)
Served asset /jquery.js - 200 OK (14ms)
Served asset /jquery_ujs.js - 200 OK (11ms)
Served asset /bootstrap.js - 200 OK (4ms)
Served asset /jquery.fancybox.js - 200 OK (3ms)
Served asset /smoothscroll.js - 200 OK (3ms)
Served asset /modernizr.js - 200 OK (5ms)
Served asset /application.js - 200 OK (13ms)
Processing by HomeController#index as HTML
  Rendered home/index.html.erb within layouts/application (3.7ms)
  Rendered components/_search_form.html.erb (1.5ms)
  Rendered components/_header.html.erb (6.9ms)
  [1m[36m (0.6ms)[0m  [1mSELECT COUNT(*) FROM "articles" [0m
  [1m[35mArticle Load (0.6ms)[0m  SELECT "articles".* FROM "articles" ORDER BY created_at DESC LIMIT 5
  Rendered components/_footer.html.erb (6.1ms)
  Rendered components/_ga.html.erb (0.1ms)
Completed 200 OK in 45ms (Views: 43.4ms | ActiveRecord: 1.2ms)
Served asset /bootstrap.js - 200 OK (0ms)
Served asset /modernizr.js - 200 OK (0ms)
Served asset /jquery_ujs.js - 200 OK (0ms)
Served asset /jquery.fancybox.js - 200 OK (0ms)
Served asset /jquery.js - 200 OK (0ms)
Served asset /application.js - 200 OK (0ms)
Served asset /smoothscroll.js - 200 OK (0ms)
Served asset /salesforce14.jpg - 200 OK (5ms)
Served asset /metroui.jpg - 200 OK (9ms)
Served asset /tree.jpg - 200 OK (8ms)
Served asset /rails4.jpg - 200 OK (3ms)
Served asset /bootstrap.jpg - 200 OK (11ms)
Served asset /travel2.jpg - 200 OK (68ms)
Served asset /travel1.jpg - 200 OK (7ms)
Served asset /bg.png - 200 OK (3ms)
Served asset /bg_testimoni.jpg - 200 OK (3ms)
Served asset /cm.gif - 200 OK (3ms)
Served asset /salesforce.png - 200 OK (14ms)
Served asset /imprivata.jpg - 200 OK (3ms)
Served asset /whs.jpg - 200 OK (2ms)
Served asset /flatui.png - 200 OK (3ms)
Served asset /EF.jpg - 200 OK (3ms)
Served asset /meginfo.png - 200 OK (3ms)
Served asset /fancybox_overlay.png - 200 OK (15ms)
Served asset /fancybox_sprite.png - 200 OK (9ms)
Connecting to database specified by database.yml
Processing by HomeController#index as HTML
  Rendered home/index.html.erb within layouts/application (4.4ms)
  Rendered components/_search_form.html.erb (4.1ms)
  Rendered components/_header.html.erb (11.2ms)
  [1m[36m (1.5ms)[0m  [1mSELECT COUNT(*) FROM "articles" [0m
  [1m[35mArticle Load (4.1ms)[0m  SELECT "articles".* FROM "articles" ORDER BY created_at DESC LIMIT 5
  Rendered components/_footer.html.erb (205.0ms)
  Rendered components/_ga.html.erb (1.0ms)
Completed 200 OK in 454ms (Views: 348.1ms | ActiveRecord: 104.7ms)
Served asset /font-awesome-ie7.min.css - 200 OK (4ms)
Served asset /font-awesome.min.css - 200 OK (3ms)
Served asset /jquery.fancybox.css - 200 OK (3ms)
Served asset /style.css - 200 OK (4ms)
Served asset /jquery.js - 200 OK (132ms)
Served asset /application.js - 200 OK (16ms)
Served asset /modernizr.js - 200 OK (3ms)
Served asset /smoothscroll.js - 200 OK (3ms)
Served asset /application.css - 200 OK (16ms)
Served asset /bootstrap-responsive.css - 200 OK (4ms)
Served asset /bootstrap.css - 200 OK (6ms)
Served asset /comments.css - 200 OK (4ms)
Served asset /jquery.fancybox.js - 200 OK (5ms)
Served asset /jquery_ujs.js - 200 OK (27ms)
Served asset /bootstrap.js - 200 OK (3ms)
Served asset /salesforce14.jpg - 200 OK (6ms)
Served asset /rails4.jpg - 200 OK (3ms)
Served asset /flatui.png - 200 OK (15ms)
Served asset /travel2.jpg - 200 OK (7ms)
Served asset /metroui.jpg - 200 OK (3ms)
Served asset /bootstrap.jpg - 200 OK (17ms)
Served asset /tree.jpg - 200 OK (142ms)
Served asset /travel1.jpg - 200 OK (6ms)
Served asset /background.png - 200 OK (9ms)
Served asset /salesforce.png - 200 OK (5ms)
Served asset /meginfo.png - 200 OK (13ms)
Served asset /EF.jpg - 200 OK (8ms)
Served asset /cm.gif - 200 OK (4ms)
Served asset /imprivata.jpg - 200 OK (13ms)
Served asset /whs.jpg - 200 OK (6ms)
Served asset /ruby.jpeg - 200 OK (13ms)
Served asset /rails.jpeg - 200 OK (6ms)
Served asset /force.jpg - 200 OK (7ms)
Served asset /bg.png - 200 OK (4ms)
Served asset /hr-dot.png - 200 OK (17ms)
Served asset /bg_testimoni.jpg - 200 OK (5ms)
Served asset /cloud.jpeg - 200 OK (3ms)
Served asset /font/fontawesome-webfont-v=3.2.0.woff - 200 OK (4ms)
Connecting to database specified by database.yml
